<?xml version="1.0" encoding="UTF-8"?>
<!-- Generated by org.testng.reporters.JUnitReportReporter -->
<testsuite skipped="0" hostname="ARPGL007078" name="POM_Test_Cases.PerformanceTest" tests="1" failures="0" timestamp="17 Dec 2021 16:52:57 GMT" time="84.953" errors="0">
  <testcase name="TC_22_Add_File" time="84.953" classname="POM_Test_Cases.PerformanceTest"/>
</testsuite> <!-- POM_Test_Cases.PerformanceTest -->
