<?xml version="1.0" encoding="UTF-8"?>
<!-- Generated by org.testng.reporters.JUnitReportReporter -->
<testsuite skipped="0" hostname="ARPGL007078" name="POM_Test_Cases.Maintenance_Test" tests="1" failures="0" timestamp="17 Dec 2021 16:50:02 GMT" time="25.651" errors="0">
  <testcase name="TC_22_Add_Recruitment" time="25.651" classname="POM_Test_Cases.Maintenance_Test"/>
</testsuite> <!-- POM_Test_Cases.Maintenance_Test -->
