<?xml version="1.0" encoding="UTF-8"?>
<!-- Generated by org.testng.reporters.JUnitReportReporter -->
<testsuite skipped="0" hostname="ARPGL007078" name="Screenshots_and_Extent_Reports.Add_and_Delete_Employee_Report" tests="1" failures="0" timestamp="17 Dec 2021 08:31:23 GMT" time="91.593" errors="0">
  <testcase name="Report_TC_02_Test" time="91.593" classname="Screenshots_and_Extent_Reports.Add_and_Delete_Employee_Report"/>
</testsuite> <!-- Screenshots_and_Extent_Reports.Add_and_Delete_Employee_Report -->
