<?xml version="1.0" encoding="UTF-8"?>
<!-- Generated by org.testng.reporters.JUnitReportReporter -->
<testsuite skipped="0" hostname="ARPGL007078" name="POM_Test_Cases.Buzz_SectionTest" tests="1" failures="0" timestamp="17 Dec 2021 16:37:42 GMT" time="82.275" errors="0">
  <testcase name="TC_22_Add_users" time="82.275" classname="POM_Test_Cases.Buzz_SectionTest"/>
</testsuite> <!-- POM_Test_Cases.Buzz_SectionTest -->
