<?xml version="1.0" encoding="UTF-8"?>
<!-- Generated by org.testng.reporters.JUnitReportReporter -->
<testsuite skipped="0" hostname="ARPGL007078" name="POM_Test_Cases.Recruitment_Test" tests="1" failures="0" timestamp="17 Dec 2021 12:00:38 GMT" time="32.161" errors="0">
  <testcase name="TC_22_Add_Recruitment" time="32.161" classname="POM_Test_Cases.Recruitment_Test"/>
</testsuite> <!-- POM_Test_Cases.Recruitment_Test -->
