<?xml version="1.0" encoding="UTF-8"?>
<!-- Generated by org.testng.reporters.JUnitReportReporter -->
<testsuite skipped="0" hostname="ARPGL007078" name="POM_Test_Cases.Logout_Test" tests="1" failures="0" timestamp="17 Dec 2021 16:48:08 GMT" time="24.169" errors="0">
  <testcase name="TC_16a" time="24.169" classname="POM_Test_Cases.Logout_Test"/>
</testsuite> <!-- POM_Test_Cases.Logout_Test -->
