<?xml version="1.0" encoding="UTF-8"?>
<!-- Generated by org.testng.reporters.JUnitReportReporter -->
<testsuite skipped="0" hostname="ARPGL007078" name="POM_Test_Cases.Timesheets_Test" tests="1" failures="0" timestamp="17 Dec 2021 17:09:12 GMT" time="30.855" errors="0">
  <testcase name="TC_Timesheets" time="30.855" classname="POM_Test_Cases.Timesheets_Test"/>
</testsuite> <!-- POM_Test_Cases.Timesheets_Test -->
