<?xml version="1.0" encoding="UTF-8"?>
<!-- Generated by org.testng.reporters.JUnitReportReporter -->
<testsuite skipped="0" hostname="ARPGL007078" name="POM_Test_Cases.LeaveConfigure_Test" tests="1" failures="0" timestamp="17 Dec 2021 16:45:58 GMT" time="31.546" errors="0">
  <testcase name="TC_Leave" time="31.546" classname="POM_Test_Cases.LeaveConfigure_Test"/>
</testsuite> <!-- POM_Test_Cases.LeaveConfigure_Test -->
