<?xml version="1.0" encoding="UTF-8"?>
<!-- Generated by org.testng.reporters.JUnitReportReporter -->
<testsuite skipped="0" hostname="ARPGL007078" name="POM_Test_Cases.Search_and_Add_VacancyTest" tests="1" failures="0" timestamp="17 Dec 2021 17:02:21 GMT" time="29.919" errors="0">
  <testcase name="TC_22_Add_Recruitment" time="29.919" classname="POM_Test_Cases.Search_and_Add_VacancyTest"/>
</testsuite> <!-- POM_Test_Cases.Search_and_Add_VacancyTest -->
