<?xml version="1.0" encoding="UTF-8"?>
<!-- Generated by org.testng.reporters.JUnitReportReporter -->
<testsuite skipped="0" hostname="ARPGL007078" name="Page_Factory_Model.Nationalities1_test" tests="1" failures="0" timestamp="17 Dec 2021 07:44:57 GMT" time="60.138" errors="0">
  <testcase name="TC_12_Nationalities" time="60.138" classname="Page_Factory_Model.Nationalities1_test"/>
</testsuite> <!-- Page_Factory_Model.Nationalities1_test -->
